生成启动时间为 2016/2/2 17:45:27。
     1>项目“E:\QC-nd\svn\MyLab\trunk\MyLab\pro\xCocos\proj.win32\xCocos.vcxproj”在节点 2 上(Build 个目标)。
     1>ClCompile:
         C:\Program Files (x86)\Microsoft Visual Studio 12.0\VC\bin\CL.exe /c /I"C:\Cocos\frameworks\cocos2d-x-3.9\cocos\audio\include" /I"C:\Cocos\frameworks\cocos2d-x-3.9\external" /I"C:\Cocos\frameworks\cocos2d-x-3.9\external\chipmunk\include\chipmunk" /I"C:\Cocos\frameworks\cocos2d-x-3.9\extensions" /I..\Classes /I.. /I"C:\Cocos\frameworks\cocos2d-x-3.9\cocos\2d\..\..\cocos\editor-support" /I"C:\Cocos\frameworks\cocos2d-x-3.9\cocos\2d\..\..\cocos" /I"C:\Cocos\frameworks\cocos2d-x-3.9\cocos\2d\..\..\cocos\platform" /I"C:\Cocos\frameworks\cocos2d-x-3.9\cocos\2d\..\..\cocos\platform\desktop" /I"C:\Cocos\frameworks\cocos2d-x-3.9\cocos\2d\..\..\external\glfw3\include\win32" /I"C:\Cocos\frameworks\cocos2d-x-3.9\cocos\2d\..\..\external\win32-specific\gles\include\OGLES" /I"C:\Cocos\frameworks\cocos2d-x-3.9\cocos\2d\..\..\external\freetype2\include\win32\freetype2" /I"C:\Cocos\frameworks\cocos2d-x-3.9\cocos\2d\..\..\external\freetype2\include\win32\\" /I"C:\Cocos\frameworks\cocos2d-x-3.9\cocos\2d\..\..\external" /ZI /nologo /W3 /WX- /MP /Od /Oy- /D WIN32 /D _WINDOWS /D _USE_MATH_DEFINES /D GL_GLEXT_PROTOTYPES /D CC_ENABLE_CHIPMUNK_INTEGRATION=1 /D COCOS2D_DEBUG=1 /D _CRT_SECURE_NO_WARNINGS /D _SCL_SECURE_NO_WARNINGS /D _VARIADIC_MAX=10 /D _USING_V110_SDK71_ /D _MBCS /Gm- /EHsc /RTC1 /MD /GS /fp:precise /Zc:wchar_t /Zc:forScope /Fo"Debug.win32\\" /Fd"Debug.win32\vc120.pdb" /Gd /TP /wd4267 /wd4251 /wd4244 /analyze- /errorReport:prompt ..\Classes\AppDelegate.cpp ..\Classes\HelloWorldScene.cpp main.cpp
         AppDelegate.cpp
         HelloWorldScene.cpp
         main.cpp
     1>e:\qc-nd\svn\mylab\trunk\mylab\pro\xcocos\classes\appdelegate.cpp(40): warning C4305: “参数”: 从“double”到“float”截断
       ResourceCompile:
         C:\Program Files (x86)\Microsoft SDKs\Windows\v7.1A\bin\rc.exe /D _USING_V110_SDK71_ /l"0x0409" /nologo /fo"Debug.win32\game.res" game.rc 
       PreLinkEvent:
         if not exist "E:\QC-nd\svn\MyLab\trunk\MyLab\bld\VS2013\Debug.win32\" mkdir "E:\QC-nd\svn\MyLab\trunk\MyLab\bld\VS2013\Debug.win32\"
         xcopy /Y /Q "C:\Cocos\frameworks\cocos2d-x-3.9\prebuilt\win32\*.*" "E:\QC-nd\svn\MyLab\trunk\MyLab\bld\VS2013\Debug.win32\"
         
         :VCEnd
         复制了 60 个文件
       Link:
         C:\Program Files (x86)\Microsoft Visual Studio 12.0\VC\bin\link.exe /ERRORREPORT:PROMPT /OUT:"E:\QC-nd\svn\MyLab\trunk\MyLab\bld\VS2013\Debug.win32\xCocos.exe" /INCREMENTAL /NOLOGO /LIBPATH:"E:\QC-nd\svn\MyLab\trunk\MyLab\bld\VS2013\Debug.win32\\" /LIBPATH:"E:\QC-nd\svn\MyLab\trunk\MyLab\bld\VS2013\Debug.win32\\" opengl32.lib glew32.lib libzlib.lib libwebp.lib libiconv.lib freetype.lib winmm.lib ws2_32.lib kernel32.lib user32.lib gdi32.lib winspool.lib comdlg32.lib advapi32.lib shell32.lib ole32.lib oleaut32.lib uuid.lib odbc32.lib odbccp32.lib /MANIFEST /MANIFESTUAC:"level='asInvoker' uiAccess='false'" /manifest:embed /DEBUG /PDB:"E:\QC-nd\svn\MyLab\trunk\MyLab\bld\VS2013\Debug.win32\xCocos.pdb" /SUBSYSTEM:WINDOWS,"5.01" /TLBID:1 /DYNAMICBASE /NXCOMPAT /IMPLIB:"E:\QC-nd\svn\MyLab\trunk\MyLab\bld\VS2013\Debug.win32\xCocos.lib" /MACHINE:X86 /SAFESEH Debug.win32\game.res
         Debug.win32\AppDelegate.obj
         Debug.win32\HelloWorldScene.obj
         Debug.win32\main.obj
         xCocos.vcxproj -> E:\QC-nd\svn\MyLab\trunk\MyLab\bld\VS2013\Debug.win32\xCocos.exe
       CustomBuildStep:
         if not exist "E:\QC-nd\svn\MyLab\trunk\MyLab\bld\VS2013\Debug.win32\" mkdir "E:\QC-nd\svn\MyLab\trunk\MyLab\bld\VS2013\Debug.win32\"
         xcopy "E:\QC-nd\svn\MyLab\trunk\MyLab\pro\xCocos\proj.win32\..\Resources" "E:\QC-nd\svn\MyLab\trunk\MyLab\bld\VS2013\Debug.win32\" /D /E /I /F /Y
               
         :VCEnd
         复制了 0 个文件
     1>已完成生成项目“E:\QC-nd\svn\MyLab\trunk\MyLab\pro\xCocos\proj.win32\xCocos.vcxproj”(Build 个目标)的操作。

生成成功。

已用时间 00:00:07.53
